<?xml version="1.0" encoding="utf-8"?><testsuites name="pytest tests"><testsuite name="pytest" errors="0" failures="0" skipped="0" tests="29" time="1.178" timestamp="2026-06-21T04:02:40.834145+00:00" hostname="agent-env-1fc43eca-da06-4b64-aa6b-32477386441a"><testcase classname="backend.tests.test_rangkul_api.TestAuth" name="test_root" time="0.004" /><testcase classname="backend.tests.test_rangkul_api.TestAuth" name="test_register_patient" time="0.269" /><testcase classname="backend.tests.test_rangkul_api.TestAuth" name="test_register_expert" time="0.228" /><testcase classname="backend.tests.test_rangkul_api.TestAuth" name="test_register_duplicate" time="0.003" /><testcase classname="backend.tests.test_rangkul_api.TestAuth" name="test_login_wrong_password" time="0.225" /><testcase classname="backend.tests.test_rangkul_api.TestAuth" name="test_login_success" time="0.226" /><testcase classname="backend.tests.test_rangkul_api.TestAuth" name="test_me_no_token" time="0.002" /><testcase classname="backend.tests.test_rangkul_api.TestAuth" name="test_me_invalid_token" time="0.002" /><testcase classname="backend.tests.test_rangkul_api.TestAuth" name="test_me_with_token" time="0.003" /><testcase classname="backend.tests.test_rangkul_api.TestExperts" name="test_list_experts" time="0.002" /><testcase classname="backend.tests.test_rangkul_api.TestExperts" name="test_get_expert" time="0.002" /><testcase classname="backend.tests.test_rangkul_api.TestExperts" name="test_get_expert_not_found" time="0.002" /><testcase classname="backend.tests.test_rangkul_api.TestAppointments" name="test_create_appointment" time="0.013" /><testcase classname="backend.tests.test_rangkul_api.TestAppointments" name="test_expert_cannot_book" time="0.002" /><testcase classname="backend.tests.test_rangkul_api.TestAppointments" name="test_list_appointments_patient" time="0.003" /><testcase classname="backend.tests.test_rangkul_api.TestAppointments" name="test_list_appointments_expert" time="0.002" /><testcase classname="backend.tests.test_rangkul_api.TestAppointments" name="test_expert_accept_appointment" time="0.003" /><testcase classname="backend.tests.test_rangkul_api.TestAppointments" name="test_expert_complete_and_balance" time="0.006" /><testcase classname="backend.tests.test_rangkul_api.TestMessages" name="test_send_and_thread" time="0.017" /><testcase classname="backend.tests.test_rangkul_api.TestMessages" name="test_chats_list" time="0.003" /><testcase classname="backend.tests.test_rangkul_api.TestMoodJournal" name="test_mood_post_and_list" time="0.018" /><testcase classname="backend.tests.test_rangkul_api.TestMoodJournal" name="test_journal_post_and_list" time="0.014" /><testcase classname="backend.tests.test_rangkul_api.TestProfileHours" name="test_update_profile" time="0.003" /><testcase classname="backend.tests.test_rangkul_api.TestProfileHours" name="test_online_toggle" time="0.003" /><testcase classname="backend.tests.test_rangkul_api.TestProfileHours" name="test_hours_put_get" time="0.004" /><testcase classname="backend.tests.test_rangkul_api.TestWithdraw" name="test_patient_cannot_withdraw" time="0.002" /><testcase classname="backend.tests.test_rangkul_api.TestWithdraw" name="test_withdraw_exceeds_balance" time="0.002" /><testcase classname="backend.tests.test_rangkul_api.TestWithdraw" name="test_withdraw_success_decrements_balance" time="0.017" /><testcase classname="backend.tests.test_rangkul_api.TestWithdraw" name="test_expert_stats" time="0.003" /></testsuite></testsuites>